-------------------------------------------------------------------------------
Test set: SiteTest
-------------------------------------------------------------------------------
Tests run: 8, Failures: 1, Errors: 0, Skipped: 0, Time elapsed: 13.751 s <<< FAILURE! - in SiteTest
testBooleanCardName  Time elapsed: 1.244 s  <<< FAILURE!
org.opentest4j.AssertionFailedError: expected: <boolean> but was: <booolean>
	at SiteTest.testBooleanCardName(SiteTest.java:45)

