<?xml version="1.0" encoding="UTF-8"?>
<testsuite xmlns:xsi="http://www.w3.org/2001/XMLSchema-instance" xsi:noNamespaceSchemaLocation="https://maven.apache.org/surefire/maven-surefire-plugin/xsd/surefire-test-report.xsd" name="SiteTest" time="11.216" tests="8" errors="0" skipped="0" failures="0">
  <properties>
[...]
</properties>
  <testcase name="testBooleanCardDefinition" classname="SiteTest" time="2.146"/>
  <testcase name="testWebPageTitle" classname="SiteTest" time="1.25"/>
  <testcase name="testStringCardDefinition" classname="SiteTest" time="1.287"/>
  <testcase name="testBooleanCardName" classname="SiteTest" time="1.283"/>
  <testcase name="testIntegerCardDefinition" classname="SiteTest" time="1.313"/>
  <testcase name="testValidCardTitleLength" classname="SiteTest" time="1.32"/>
  <testcase name="testIntegerCardName" classname="SiteTest" time="1.301"/>
  <testcase name="testStringCardName" classname="SiteTest" time="1.303"/>
</testsuite>