-------------------------------------------------------------------------------
Test set: WebPageTests
-------------------------------------------------------------------------------
Tests run: 1, Failures: 1, Errors: 0, Skipped: 0, Time elapsed: 1.631 s <<< FAILURE! - in WebPageTests
testWebPageTitle  Time elapsed: 1.623 s  <<< FAILURE!
org.opentest4j.AssertionFailedError: expected: <> but was: <m>
	at WebPageTests.testWebPageTitle(WebPageTests.java:17)

